2024-07-08 19:06:54 - #----------Config info----------#
2024-07-08 19:06:54 - network: UltraLight_VM_UNet,
2024-07-08 19:06:54 - model_config: {'num_classes': 1, 'input_channels': 3, 'c_list': [8, 16, 24, 32, 48, 64], 'split_att': 'fc', 'bridge': True},
2024-07-08 19:06:54 - test_weights: ,
2024-07-08 19:06:54 - datasets: ISIC2017,
2024-07-08 19:06:54 - data_path: D:\Learning_Rescoure\extra\Project\0.Project_Exercise\reproduced_code\011.UltraLight VM-UNet\UltraLight-VM-UNet-main\data\ISIC2017\ISIC2017_prepared\\,
2024-07-08 19:06:54 - criterion: BceDiceLoss(
  (bce): BCELoss(
    (bceloss): BCELoss()
  )
  (dice): DiceLoss()
),
2024-07-08 19:06:54 - num_classes: 1,
2024-07-08 19:06:54 - input_size_h: 256,
2024-07-08 19:06:54 - input_size_w: 256,
2024-07-08 19:06:54 - input_channels: 3,
2024-07-08 19:06:54 - distributed: False,
2024-07-08 19:06:54 - local_rank: -1,
2024-07-08 19:06:54 - num_workers: 0,
2024-07-08 19:06:54 - seed: 42,
2024-07-08 19:06:54 - world_size: None,
2024-07-08 19:06:54 - rank: None,
2024-07-08 19:06:54 - amp: False,
2024-07-08 19:06:54 - batch_size: 8,
2024-07-08 19:06:54 - epochs: 250,
2024-07-08 19:06:54 - work_dir: results/UltraLight_VM_UNet_ISIC2017_Monday_08_July_2024_19h_06m_54s/,
2024-07-08 19:06:54 - print_interval: 20,
2024-07-08 19:06:54 - val_interval: 30,
2024-07-08 19:06:54 - save_interval: 1,
2024-07-08 19:06:54 - threshold: 0.5,
2024-07-08 19:06:54 - opt: AdamW,
2024-07-08 19:06:54 - lr: 0.001,
2024-07-08 19:06:54 - betas: (0.9, 0.999),
2024-07-08 19:06:54 - eps: 1e-08,
2024-07-08 19:06:54 - weight_decay: 0.01,
2024-07-08 19:06:54 - amsgrad: False,
2024-07-08 19:06:54 - sch: CosineAnnealingLR,
2024-07-08 19:06:54 - T_max: 50,
2024-07-08 19:06:54 - eta_min: 1e-05,
2024-07-08 19:06:54 - last_epoch: -1,
2024-07-08 19:07:11 - train: epoch 1, iter:0, loss: 1.2773, lr: 0.001
2024-07-08 19:10:56 - train: epoch 1, iter:20, loss: 0.8036, lr: 0.001
2024-07-08 19:14:40 - train: epoch 1, iter:40, loss: 0.7060, lr: 0.001
